<?xml version="1.0" encoding="UTF-8"?>
<testsuite name="test.TrelloTestList" tests="6" skipped="0" failures="0" errors="0" timestamp="2023-08-06T15:20:10" hostname="LAPTOP-57D3LCEV" time="8.188">
  <properties/>
  <testcase name="Переименовать лист" classname="test.TrelloTestList" time="4.377"/>
  <testcase name="Удалить карточку" classname="test.TrelloTestList" time="1.294"/>
  <testcase name="Создать лист" classname="test.TrelloTestList" time="0.528"/>
  <testcase name="Создать новую карточку в листе" classname="test.TrelloTestList" time="0.85"/>
  <testcase name="Открыть переименованный лист с статусом 200" classname="test.TrelloTestList" time="0.329"/>
  <testcase name="Создать карточку в листе" classname="test.TrelloTestList" time="0.795"/>
  <system-out><![CDATA[Request URI:	https://trello.com/1/lists/64cfb9f0310630e9499f8168
{
    "id": "64cfb9f0310630e9499f8168",
    "name": "Communications Developer",
    "closed": false,
    "idBoard": "645c13607c2dc8c246aa821d",
    "pos": 6656,
    "status": null
}
{
    "limits": {
        
    }
}
HTTP/1.1 200 OK
{
    "limits": {
        
    }
}
Request URI:	https://trello.com/1/board/645c13607c2dc8c246aa821d/lists
{
    "id": "64cfba319f42c1a74a7d4363",
    "name": "International Directives Administrator",
    "closed": false,
    "idBoard": "645c13607c2dc8c246aa821d",
    "pos": 3328,
    "status": null,
    "limits": {
        
    }
}
Request URI:	https://trello.com/1/cards
{
    "id": "64cfba3219194a3ff63836ab",
    "badges": {
        "attachmentsByType": {
            "trello": {
                "board": 0,
                "card": 0
            }
        },
        "location": false,
        "votes": 0,
        "viewingMemberVoted": false,
        "subscribed": false,
        "fogbugz": "",
        "checkItems": 0,
        "checkItemsChecked": 0,
        "checkItemsEarliestDue": null,
        "comments": 0,
        "attachments": 0,
        "description": false,
        "due": null,
        "dueComplete": false,
        "start": null
    },
    "checkItemStates": [
        
    ],
    "closed": false,
    "dueComplete": false,
    "dateLastActivity": "2023-08-06T15:20:18.158Z",
    "desc": "",
    "descData": {
        "emoji": {
            
        }
    },
    "due": null,
    "dueReminder": null,
    "email": "autoauto13+30en4vd3egwcgtwfi3f+30w7kzba9mgqocmnfzf+2qnbap0ejc@boards.trello.com",
    "idBoard": "645c13607c2dc8c246aa821d",
    "idChecklists": [
        
    ],
    "idList": "64cfba319f42c1a74a7d4363",
    "idMembers": [
        
    ],
    "idMembersVoted": [
        
    ],
    "idShort": 81,
    "idAttachmentCover": null,
    "labels": [
        
    ],
    "idLabels": [
        
    ],
    "manualCoverAttachment": false,
    "name": "Dynamic Implementation Developer",
    "pos": 16384,
    "shortLink": "T9K4xayW",
    "shortUrl": "https://trello.com/c/T9K4xayW",
    "start": null,
    "subscribed": false,
    "url": "https://trello.com/c/T9K4xayW/81-dynamic-implementation-developer",
    "cover": {
        "idAttachment": null,
        "color": null,
        "idUploadedBackground": null,
        "size": "normal",
        "brightness": "dark",
        "idPlugin": null
    },
    "isTemplate": false,
    "cardRole": null,
    "attachments": [
        
    ],
    "stickers": [
        
    ],
    "limits": {
        
    }
}
[
    {
        "id": "64cfba319f42c1a74a7d4363",
        "name": "International Directives Administrator",
        "closed": false,
        "idBoard": "645c13607c2dc8c246aa821d",
        "pos": 3328,
        "subscribed": false,
        "softLimit": null,
        "status": null
    },
    {
        "id": "64cfb9f0310630e9499f8168",
        "name": "Communications Developer",
        "closed": false,
        "idBoard": "645c13607c2dc8c246aa821d",
        "pos": 6656,
        "subscribed": false,
        "softLimit": null,
        "status": null
    },
    {
        "id": "64cfb2926bd81b7a37b397d0",
        "name": "Communications Developer",
        "closed": false,
        "idBoard": "645c13607c2dc8c246aa821d",
        "pos": 13312,
        "subscribed": false,
        "softLimit": null,
        "status": null
    },
    {
        "id": "64cfae7d916d1e8ccc4ba2a1",
        "name": "Dynamic Mobility Analyst",
        "closed": false,
        "idBoard": "645c13607c2dc8c246aa821d",
        "pos": 26624,
        "subscribed": false,
        "softLimit": null,
        "status": null
    },
    {
        "id": "64cfad53b69a1f07229fe882",
        "name": "Communications Developer",
        "closed": false,
        "idBoard": "645c13607c2dc8c246aa821d",
        "pos": 53248,
        "subscribed": false,
        "softLimit": null,
        "status": null
    },
    {
        "id": "64c4f92e030108a69c744149",
        "name": "Communications Developer",
        "closed": false,
        "idBoard": "645c13607c2dc8c246aa821d",
        "pos": 106496,
        "subscribed": false,
        "softLimit": null,
        "status": null
    },
    {
        "id": "646a4ed5db5794316c6d0d93",
        "name": "Communications Developer",
        "closed": false,
        "idBoard": "645c13607c2dc8c246aa821d",
        "pos": 212992,
        "subscribed": false,
        "softLimit": null,
        "status": null
    },
    {
        "id": "645c13607c2dc8c246aa8226",
        "name": "Готово",
        "closed": false,
        "idBoard": "645c13607c2dc8c246aa821d",
        "pos": 229376,
        "subscribed": false,
        "softLimit": null,
        "status": null
    }
]
Request URI:	https://trello.com/1/cards
{
    "id": "64cfba3353435424a464a7f8",
    "badges": {
        "attachmentsByType": {
            "trello": {
                "board": 0,
                "card": 0
            }
        },
        "location": false,
        "votes": 0,
        "viewingMemberVoted": false,
        "subscribed": false,
        "fogbugz": "",
        "checkItems": 0,
        "checkItemsChecked": 0,
        "checkItemsEarliestDue": null,
        "comments": 0,
        "attachments": 0,
        "description": false,
        "due": null,
        "dueComplete": false,
        "start": null
    },
    "checkItemStates": [
        
    ],
    "closed": false,
    "dueComplete": false,
    "dateLastActivity": "2023-08-06T15:20:19.299Z",
    "desc": "",
    "descData": {
        "emoji": {
            
        }
    },
    "due": null,
    "dueReminder": null,
    "email": "autoauto13+30en4vd3egwcgtwfi3f+30w7kzg29cgpbds3wmw+0op5alspub@boards.trello.com",
    "idBoard": "645c13607c2dc8c246aa821d",
    "idChecklists": [
        
    ],
    "idList": "64cfba319f42c1a74a7d4363",
    "idMembers": [
        
    ],
    "idMembersVoted": [
        
    ],
    "idShort": 82,
    "idAttachmentCover": null,
    "labels": [
        
    ],
    "idLabels": [
        
    ],
    "manualCoverAttachment": false,
    "name": "Internal Tactics Technician",
    "pos": 32768,
    "shortLink": "dqsVJWQK",
    "shortUrl": "https://trello.com/c/dqsVJWQK",
    "start": null,
    "subscribed": false,
    "url": "https://trello.com/c/dqsVJWQK/82-internal-tactics-technician",
    "cover": {
        "idAttachment": null,
        "color": null,
        "idUploadedBackground": null,
        "size": "normal",
        "brightness": "dark",
        "idPlugin": null
    },
    "isTemplate": false,
    "cardRole": null,
    "attachments": [
        
    ],
    "stickers": [
        
    ],
    "limits": {
        
    }
}
]]></system-out>
  <system-err><![CDATA[]]></system-err>
</testsuite>
